{"E:\\nodejs\\express-learn\\myBlog\\index.js":{"path":"E:\\nodejs\\express-learn\\myBlog\\index.js","s":{"1":1,"2":1,"3":1,"4":1,"5":1,"6":1,"7":1,"8":1,"9":1,"10":1,"11":1,"12":1,"13":1,"14":1,"15":1,"16":1,"17":1,"18":1,"19":1,"20":7,"21":7,"22":7,"23":7,"24":1,"25":1,"26":1,"27":1,"28":0,"29":0,"30":0,"31":1,"32":1,"33":0,"34":0},"b":{"1":[1,0]},"f":{"1":7,"2":0,"3":0},"fnMap":{"1":{"name":"(anonymous_1)","line":44,"loc":{"start":{"line":44,"column":8},"end":{"line":44,"column":34}}},"2":{"name":"(anonymous_2)","line":78,"loc":{"start":{"line":78,"column":8},"end":{"line":78,"column":39}}},"3":{"name":"(anonymous_3)","line":89,"loc":{"start":{"line":89,"column":26},"end":{"line":89,"column":38}}}},"statementMap":{"1":{"start":{"line":1,"column":0},"end":{"line":1,"column":28}},"2":{"start":{"line":2,"column":0},"end":{"line":2,"column":34}},"3":{"start":{"line":3,"column":0},"end":{"line":3,"column":42}},"4":{"start":{"line":4,"column":0},"end":{"line":4,"column":52}},"5":{"start":{"line":5,"column":0},"end":{"line":5,"column":38}},"6":{"start":{"line":6,"column":0},"end":{"line":6,"column":48}},"7":{"start":{"line":7,"column":0},"end":{"line":7,"column":34}},"8":{"start":{"line":8,"column":0},"end":{"line":8,"column":32}},"9":{"start":{"line":9,"column":0},"end":{"line":9,"column":34}},"10":{"start":{"line":10,"column":0},"end":{"line":10,"column":49}},"11":{"start":{"line":11,"column":0},"end":{"line":11,"column":21}},"12":{"start":{"line":13,"column":0},"end":{"line":13,"column":47}},"13":{"start":{"line":14,"column":0},"end":{"line":14,"column":29}},"14":{"start":{"line":17,"column":0},"end":{"line":17,"column":55}},"15":{"start":{"line":19,"column":0},"end":{"line":30,"column":3}},"16":{"start":{"line":32,"column":0},"end":{"line":32,"column":16}},"17":{"start":{"line":34,"column":0},"end":{"line":37,"column":3}},"18":{"start":{"line":39,"column":0},"end":{"line":42,"column":1}},"19":{"start":{"line":44,"column":0},"end":{"line":49,"column":2}},"20":{"start":{"line":45,"column":2},"end":{"line":45,"column":36}},"21":{"start":{"line":46,"column":2},"end":{"line":46,"column":54}},"22":{"start":{"line":47,"column":2},"end":{"line":47,"column":50}},"23":{"start":{"line":48,"column":2},"end":{"line":48,"column":8}},"24":{"start":{"line":52,"column":0},"end":{"line":62,"column":3}},"25":{"start":{"line":64,"column":0},"end":{"line":64,"column":11}},"26":{"start":{"line":66,"column":0},"end":{"line":76,"column":3}},"27":{"start":{"line":78,"column":0},"end":{"line":82,"column":2}},"28":{"start":{"line":79,"column":2},"end":{"line":79,"column":20}},"29":{"start":{"line":80,"column":2},"end":{"line":80,"column":33}},"30":{"start":{"line":81,"column":2},"end":{"line":81,"column":24}},"31":{"start":{"line":84,"column":0},"end":{"line":92,"column":1}},"32":{"start":{"line":86,"column":2},"end":{"line":86,"column":22}},"33":{"start":{"line":89,"column":2},"end":{"line":91,"column":4}},"34":{"start":{"line":90,"column":4},"end":{"line":90,"column":63}}},"branchMap":{"1":{"line":84,"type":"if","locations":[{"start":{"line":84,"column":0},"end":{"line":84,"column":0}},{"start":{"line":84,"column":0},"end":{"line":84,"column":0}}]}}},"E:\\nodejs\\express-learn\\myBlog\\config\\default.js":{"path":"E:\\nodejs\\express-learn\\myBlog\\config\\default.js","s":{"1":1},"b":{},"f":{},"fnMap":{},"statementMap":{"1":{"start":{"line":1,"column":0},"end":{"line":9,"column":1}}},"branchMap":{}},"E:\\nodejs\\express-learn\\myBlog\\routes\\index.js":{"path":"E:\\nodejs\\express-learn\\myBlog\\routes\\index.js","s":{"1":1,"2":1,"3":0,"4":1,"5":1,"6":1,"7":1,"8":1,"9":1,"10":0,"11":0},"b":{"1":[0,0]},"f":{"1":1,"2":0,"3":0},"fnMap":{"1":{"name":"(anonymous_1)","line":1,"loc":{"start":{"line":1,"column":17},"end":{"line":1,"column":31}}},"2":{"name":"(anonymous_2)","line":2,"loc":{"start":{"line":2,"column":14},"end":{"line":2,"column":33}}},"3":{"name":"(anonymous_3)","line":12,"loc":{"start":{"line":12,"column":9},"end":{"line":12,"column":29}}}},"statementMap":{"1":{"start":{"line":1,"column":0},"end":{"line":17,"column":1}},"2":{"start":{"line":2,"column":1},"end":{"line":4,"column":3}},"3":{"start":{"line":3,"column":2},"end":{"line":3,"column":24}},"4":{"start":{"line":5,"column":1},"end":{"line":5,"column":40}},"5":{"start":{"line":6,"column":1},"end":{"line":6,"column":40}},"6":{"start":{"line":7,"column":1},"end":{"line":7,"column":42}},"7":{"start":{"line":8,"column":1},"end":{"line":8,"column":38}},"8":{"start":{"line":9,"column":1},"end":{"line":9,"column":44}},"9":{"start":{"line":12,"column":1},"end":{"line":16,"column":6}},"10":{"start":{"line":13,"column":3},"end":{"line":15,"column":7}},"11":{"start":{"line":14,"column":8},"end":{"line":14,"column":37}}},"branchMap":{"1":{"line":13,"type":"if","locations":[{"start":{"line":13,"column":3},"end":{"line":13,"column":3}},{"start":{"line":13,"column":3},"end":{"line":13,"column":3}}]}}},"E:\\nodejs\\express-learn\\myBlog\\routes\\signup.js":{"path":"E:\\nodejs\\express-learn\\myBlog\\routes\\signup.js","s":{"1":1,"2":1,"3":1,"4":1,"5":1,"6":1,"7":1,"8":1,"9":2,"10":1,"11":4,"12":4,"13":4,"14":4,"15":4,"16":4,"17":4,"18":4,"19":1,"20":3,"21":1,"22":2,"23":0,"24":2,"25":0,"26":2,"27":0,"28":2,"29":0,"30":2,"31":2,"32":2,"33":2,"34":2,"35":2,"36":1,"37":1,"38":1,"39":1,"40":1,"41":1,"42":1,"43":0,"44":0,"45":0,"46":0,"47":1},"b":{"1":[1,3],"2":[4,3],"3":[1,2],"4":[0,2],"5":[2,2],"6":[0,2],"7":[0,2],"8":[0,2],"9":[0,0]},"f":{"1":2,"2":4,"3":1,"4":1},"fnMap":{"1":{"name":"(anonymous_1)","line":11,"loc":{"start":{"line":11,"column":31},"end":{"line":11,"column":57}}},"2":{"name":"(anonymous_2)","line":16,"loc":{"start":{"line":16,"column":32},"end":{"line":16,"column":58}}},"3":{"name":"(anonymous_3)","line":64,"loc":{"start":{"line":64,"column":10},"end":{"line":64,"column":28}}},"4":{"name":"(anonymous_4)","line":75,"loc":{"start":{"line":75,"column":11},"end":{"line":75,"column":24}}}},"statementMap":{"1":{"start":{"line":1,"column":0},"end":{"line":1,"column":24}},"2":{"start":{"line":2,"column":0},"end":{"line":2,"column":28}},"3":{"start":{"line":3,"column":0},"end":{"line":3,"column":28}},"4":{"start":{"line":4,"column":0},"end":{"line":4,"column":34}},"5":{"start":{"line":5,"column":0},"end":{"line":5,"column":31}},"6":{"start":{"line":7,"column":0},"end":{"line":7,"column":44}},"7":{"start":{"line":8,"column":0},"end":{"line":8,"column":67}},"8":{"start":{"line":11,"column":0},"end":{"line":13,"column":2}},"9":{"start":{"line":12,"column":2},"end":{"line":12,"column":22}},"10":{"start":{"line":16,"column":0},"end":{"line":86,"column":2}},"11":{"start":{"line":17,"column":2},"end":{"line":17,"column":30}},"12":{"start":{"line":18,"column":2},"end":{"line":18,"column":34}},"13":{"start":{"line":19,"column":2},"end":{"line":19,"column":28}},"14":{"start":{"line":20,"column":2},"end":{"line":20,"column":60}},"15":{"start":{"line":21,"column":2},"end":{"line":21,"column":36}},"16":{"start":{"line":22,"column":2},"end":{"line":22,"column":42}},"17":{"start":{"line":25,"column":2},"end":{"line":49,"column":3}},"18":{"start":{"line":26,"column":4},"end":{"line":28,"column":5}},"19":{"start":{"line":27,"column":6},"end":{"line":27,"column":40}},"20":{"start":{"line":29,"column":4},"end":{"line":31,"column":5}},"21":{"start":{"line":30,"column":6},"end":{"line":30,"column":38}},"22":{"start":{"line":32,"column":4},"end":{"line":34,"column":5}},"23":{"start":{"line":33,"column":6},"end":{"line":33,"column":42}},"24":{"start":{"line":35,"column":4},"end":{"line":37,"column":5}},"25":{"start":{"line":36,"column":6},"end":{"line":36,"column":29}},"26":{"start":{"line":38,"column":4},"end":{"line":40,"column":5}},"27":{"start":{"line":39,"column":6},"end":{"line":39,"column":35}},"28":{"start":{"line":41,"column":4},"end":{"line":43,"column":5}},"29":{"start":{"line":42,"column":6},"end":{"line":42,"column":34}},"30":{"start":{"line":46,"column":4},"end":{"line":46,"column":40}},"31":{"start":{"line":47,"column":4},"end":{"line":47,"column":33}},"32":{"start":{"line":48,"column":4},"end":{"line":48,"column":34}},"33":{"start":{"line":52,"column":2},"end":{"line":52,"column":27}},"34":{"start":{"line":55,"column":2},"end":{"line":61,"column":3}},"35":{"start":{"line":63,"column":2},"end":{"line":85,"column":6}},"36":{"start":{"line":66,"column":6},"end":{"line":66,"column":26}},"37":{"start":{"line":68,"column":6},"end":{"line":68,"column":26}},"38":{"start":{"line":69,"column":6},"end":{"line":69,"column":29}},"39":{"start":{"line":71,"column":6},"end":{"line":71,"column":34}},"40":{"start":{"line":73,"column":6},"end":{"line":73,"column":28}},"41":{"start":{"line":76,"column":3},"end":{"line":76,"column":32}},"42":{"start":{"line":78,"column":6},"end":{"line":78,"column":38}},"43":{"start":{"line":80,"column":6},"end":{"line":83,"column":7}},"44":{"start":{"line":81,"column":8},"end":{"line":81,"column":37}},"45":{"start":{"line":82,"column":8},"end":{"line":82,"column":38}},"46":{"start":{"line":84,"column":6},"end":{"line":84,"column":13}},"47":{"start":{"line":88,"column":0},"end":{"line":88,"column":23}}},"branchMap":{"1":{"line":26,"type":"if","locations":[{"start":{"line":26,"column":4},"end":{"line":26,"column":4}},{"start":{"line":26,"column":4},"end":{"line":26,"column":4}}]},"2":{"line":26,"type":"binary-expr","locations":[{"start":{"line":26,"column":10},"end":{"line":26,"column":26}},{"start":{"line":26,"column":30},"end":{"line":26,"column":47}}]},"3":{"line":29,"type":"if","locations":[{"start":{"line":29,"column":4},"end":{"line":29,"column":4}},{"start":{"line":29,"column":4},"end":{"line":29,"column":4}}]},"4":{"line":32,"type":"if","locations":[{"start":{"line":32,"column":4},"end":{"line":32,"column":4}},{"start":{"line":32,"column":4},"end":{"line":32,"column":4}}]},"5":{"line":32,"type":"binary-expr","locations":[{"start":{"line":32,"column":10},"end":{"line":32,"column":25}},{"start":{"line":32,"column":29},"end":{"line":32,"column":45}}]},"6":{"line":35,"type":"if","locations":[{"start":{"line":35,"column":4},"end":{"line":35,"column":4}},{"start":{"line":35,"column":4},"end":{"line":35,"column":4}}]},"7":{"line":38,"type":"if","locations":[{"start":{"line":38,"column":4},"end":{"line":38,"column":4}},{"start":{"line":38,"column":4},"end":{"line":38,"column":4}}]},"8":{"line":41,"type":"if","locations":[{"start":{"line":41,"column":4},"end":{"line":41,"column":4}},{"start":{"line":41,"column":4},"end":{"line":41,"column":4}}]},"9":{"line":80,"type":"if","locations":[{"start":{"line":80,"column":6},"end":{"line":80,"column":6}},{"start":{"line":80,"column":6},"end":{"line":80,"column":6}}]}}},"E:\\nodejs\\express-learn\\myBlog\\models\\users.js":{"path":"E:\\nodejs\\express-learn\\myBlog\\models\\users.js","s":{"1":1,"2":1,"3":2,"4":0},"b":{},"f":{"1":2,"2":0},"fnMap":{"1":{"name":"create","line":5,"loc":{"start":{"line":5,"column":10},"end":{"line":5,"column":33}}},"2":{"name":"getUserByName","line":9,"loc":{"start":{"line":9,"column":17},"end":{"line":9,"column":46}}}},"statementMap":{"1":{"start":{"line":1,"column":0},"end":{"line":1,"column":41}},"2":{"start":{"line":3,"column":0},"end":{"line":15,"column":1}},"3":{"start":{"line":6,"column":4},"end":{"line":6,"column":35}},"4":{"start":{"line":10,"column":3},"end":{"line":13,"column":9}}},"branchMap":{}},"E:\\nodejs\\express-learn\\myBlog\\lib\\mongo.js":{"path":"E:\\nodejs\\express-learn\\myBlog\\lib\\mongo.js","s":{"1":1,"2":1,"3":1,"4":1,"5":1,"6":1,"7":1,"8":1,"9":1,"10":1,"11":0,"12":0,"13":0,"14":1,"15":1,"16":1,"17":1,"18":1,"19":1},"b":{"1":[0,0]},"f":{"1":1,"2":1,"3":0},"fnMap":{"1":{"name":"(anonymous_1)","line":10,"loc":{"start":{"line":10,"column":13},"end":{"line":10,"column":32}}},"2":{"name":"(anonymous_2)","line":11,"loc":{"start":{"line":11,"column":20},"end":{"line":11,"column":36}}},"3":{"name":"(anonymous_3)","line":16,"loc":{"start":{"line":16,"column":16},"end":{"line":16,"column":34}}}},"statementMap":{"1":{"start":{"line":1,"column":0},"end":{"line":1,"column":48}},"2":{"start":{"line":2,"column":0},"end":{"line":2,"column":32}},"3":{"start":{"line":3,"column":0},"end":{"line":3,"column":60}},"4":{"start":{"line":4,"column":0},"end":{"line":4,"column":38}},"5":{"start":{"line":5,"column":0},"end":{"line":5,"column":33}},"6":{"start":{"line":6,"column":0},"end":{"line":6,"column":33}},"7":{"start":{"line":9,"column":0},"end":{"line":22,"column":2}},"8":{"start":{"line":11,"column":4},"end":{"line":13,"column":6}},"9":{"start":{"line":12,"column":6},"end":{"line":12,"column":88}},"10":{"start":{"line":14,"column":4},"end":{"line":14,"column":18}},"11":{"start":{"line":17,"column":4},"end":{"line":19,"column":5}},"12":{"start":{"line":18,"column":6},"end":{"line":18,"column":92}},"13":{"start":{"line":20,"column":4},"end":{"line":20,"column":17}},"14":{"start":{"line":24,"column":0},"end":{"line":30,"column":2}},"15":{"start":{"line":31,"column":0},"end":{"line":31,"column":56}},"16":{"start":{"line":33,"column":0},"end":{"line":38,"column":2}},"17":{"start":{"line":39,"column":0},"end":{"line":39,"column":49}},"18":{"start":{"line":41,"column":0},"end":{"line":45,"column":2}},"19":{"start":{"line":46,"column":0},"end":{"line":46,"column":51}}},"branchMap":{"1":{"line":17,"type":"if","locations":[{"start":{"line":17,"column":4},"end":{"line":17,"column":4}},{"start":{"line":17,"column":4},"end":{"line":17,"column":4}}]}}},"E:\\nodejs\\express-learn\\myBlog\\middlewares\\check.js":{"path":"E:\\nodejs\\express-learn\\myBlog\\middlewares\\check.js","s":{"1":1,"2":0,"3":0,"4":0,"5":0,"6":6,"7":0,"8":0,"9":6},"b":{"1":[0,0],"2":[0,6]},"f":{"1":0,"2":6},"fnMap":{"1":{"name":"checkLogin","line":2,"loc":{"start":{"line":2,"column":14},"end":{"line":2,"column":51}}},"2":{"name":"checkNotLogin","line":10,"loc":{"start":{"line":10,"column":17},"end":{"line":10,"column":57}}}},"statementMap":{"1":{"start":{"line":1,"column":0},"end":{"line":17,"column":1}},"2":{"start":{"line":3,"column":4},"end":{"line":6,"column":5}},"3":{"start":{"line":4,"column":6},"end":{"line":4,"column":31}},"4":{"start":{"line":5,"column":6},"end":{"line":5,"column":36}},"5":{"start":{"line":7,"column":4},"end":{"line":7,"column":10}},"6":{"start":{"line":11,"column":4},"end":{"line":14,"column":5}},"7":{"start":{"line":12,"column":6},"end":{"line":12,"column":31}},"8":{"start":{"line":13,"column":6},"end":{"line":13,"column":33}},"9":{"start":{"line":15,"column":4},"end":{"line":15,"column":10}}},"branchMap":{"1":{"line":3,"type":"if","locations":[{"start":{"line":3,"column":4},"end":{"line":3,"column":4}},{"start":{"line":3,"column":4},"end":{"line":3,"column":4}}]},"2":{"line":11,"type":"if","locations":[{"start":{"line":11,"column":4},"end":{"line":11,"column":4}},{"start":{"line":11,"column":4},"end":{"line":11,"column":4}}]}}},"E:\\nodejs\\express-learn\\myBlog\\routes\\signin.js":{"path":"E:\\nodejs\\express-learn\\myBlog\\routes\\signin.js","s":{"1":1,"2":1,"3":1,"4":1,"5":1,"6":1,"7":0,"8":1,"9":0,"10":0,"11":0,"12":0,"13":0,"14":0,"15":0,"16":0,"17":0,"18":0,"19":0,"20":0,"21":0,"22":0,"23":0,"24":0,"25":0,"26":0,"27":0,"28":0,"29":1},"b":{"1":[0,0],"2":[0,0],"3":[0,0],"4":[0,0]},"f":{"1":0,"2":0,"3":0},"fnMap":{"1":{"name":"(anonymous_1)","line":9,"loc":{"start":{"line":9,"column":31},"end":{"line":9,"column":57}}},"2":{"name":"(anonymous_2)","line":14,"loc":{"start":{"line":14,"column":32},"end":{"line":14,"column":58}}},"3":{"name":"(anonymous_3)","line":32,"loc":{"start":{"line":32,"column":10},"end":{"line":32,"column":26}}}},"statementMap":{"1":{"start":{"line":1,"column":0},"end":{"line":1,"column":34}},"2":{"start":{"line":2,"column":0},"end":{"line":2,"column":31}},"3":{"start":{"line":3,"column":0},"end":{"line":3,"column":28}},"4":{"start":{"line":5,"column":0},"end":{"line":5,"column":44}},"5":{"start":{"line":6,"column":0},"end":{"line":6,"column":67}},"6":{"start":{"line":9,"column":0},"end":{"line":11,"column":2}},"7":{"start":{"line":10,"column":2},"end":{"line":10,"column":22}},"8":{"start":{"line":14,"column":0},"end":{"line":50,"column":2}},"9":{"start":{"line":15,"column":2},"end":{"line":15,"column":30}},"10":{"start":{"line":16,"column":2},"end":{"line":16,"column":38}},"11":{"start":{"line":19,"column":2},"end":{"line":29,"column":3}},"12":{"start":{"line":20,"column":4},"end":{"line":22,"column":5}},"13":{"start":{"line":21,"column":6},"end":{"line":21,"column":31}},"14":{"start":{"line":23,"column":4},"end":{"line":25,"column":5}},"15":{"start":{"line":24,"column":6},"end":{"line":24,"column":30}},"16":{"start":{"line":27,"column":4},"end":{"line":27,"column":33}},"17":{"start":{"line":28,"column":4},"end":{"line":28,"column":31}},"18":{"start":{"line":31,"column":2},"end":{"line":49,"column":16}},"19":{"start":{"line":33,"column":6},"end":{"line":36,"column":7}},"20":{"start":{"line":34,"column":8},"end":{"line":34,"column":35}},"21":{"start":{"line":35,"column":8},"end":{"line":35,"column":35}},"22":{"start":{"line":38,"column":6},"end":{"line":41,"column":7}},"23":{"start":{"line":39,"column":8},"end":{"line":39,"column":38}},"24":{"start":{"line":40,"column":8},"end":{"line":40,"column":35}},"25":{"start":{"line":42,"column":6},"end":{"line":42,"column":34}},"26":{"start":{"line":44,"column":6},"end":{"line":44,"column":26}},"27":{"start":{"line":45,"column":6},"end":{"line":45,"column":29}},"28":{"start":{"line":47,"column":6},"end":{"line":47,"column":28}},"29":{"start":{"line":52,"column":0},"end":{"line":52,"column":23}}},"branchMap":{"1":{"line":20,"type":"if","locations":[{"start":{"line":20,"column":4},"end":{"line":20,"column":4}},{"start":{"line":20,"column":4},"end":{"line":20,"column":4}}]},"2":{"line":23,"type":"if","locations":[{"start":{"line":23,"column":4},"end":{"line":23,"column":4}},{"start":{"line":23,"column":4},"end":{"line":23,"column":4}}]},"3":{"line":33,"type":"if","locations":[{"start":{"line":33,"column":6},"end":{"line":33,"column":6}},{"start":{"line":33,"column":6},"end":{"line":33,"column":6}}]},"4":{"line":38,"type":"if","locations":[{"start":{"line":38,"column":6},"end":{"line":38,"column":6}},{"start":{"line":38,"column":6},"end":{"line":38,"column":6}}]}}},"E:\\nodejs\\express-learn\\myBlog\\routes\\signout.js":{"path":"E:\\nodejs\\express-learn\\myBlog\\routes\\signout.js","s":{"1":1,"2":1,"3":1,"4":1,"5":0,"6":0,"7":0,"8":1},"b":{},"f":{"1":0},"fnMap":{"1":{"name":"(anonymous_1)","line":7,"loc":{"start":{"line":7,"column":28},"end":{"line":7,"column":54}}}},"statementMap":{"1":{"start":{"line":1,"column":0},"end":{"line":1,"column":34}},"2":{"start":{"line":2,"column":0},"end":{"line":2,"column":31}},"3":{"start":{"line":4,"column":0},"end":{"line":4,"column":61}},"4":{"start":{"line":7,"column":0},"end":{"line":13,"column":2}},"5":{"start":{"line":9,"column":2},"end":{"line":9,"column":25}},"6":{"start":{"line":10,"column":2},"end":{"line":10,"column":30}},"7":{"start":{"line":12,"column":2},"end":{"line":12,"column":24}},"8":{"start":{"line":15,"column":0},"end":{"line":15,"column":23}}},"branchMap":{}},"E:\\nodejs\\express-learn\\myBlog\\routes\\posts.js":{"path":"E:\\nodejs\\express-learn\\myBlog\\routes\\posts.js","s":{"1":1,"2":1,"3":1,"4":1,"5":1,"6":1,"7":1,"8":1,"9":1,"10":1,"11":0,"12":0,"13":0,"14":0,"15":0,"16":0,"17":0,"18":0,"19":0,"20":0,"21":0,"22":0,"23":0,"24":0,"25":0,"26":1,"27":0,"28":1,"29":0,"30":0,"31":0,"32":0,"33":0,"34":0,"35":0,"36":1,"37":0,"38":0,"39":0,"40":0,"41":0,"42":0,"43":0,"44":0,"45":1,"46":0,"47":0,"48":0,"49":0,"50":0,"51":0,"52":0,"53":0,"54":0,"55":0,"56":0,"57":0,"58":0,"59":0,"60":0,"61":0,"62":0,"63":0,"64":0,"65":1,"66":0,"67":0,"68":0,"69":0,"70":0,"71":0,"72":0,"73":0,"74":0,"75":0,"76":1},"b":{"1":[0,0],"2":[0,0],"3":[0,0],"4":[0,0],"5":[0,0],"6":[0,0],"7":[0,0],"8":[0,0],"9":[0,0],"10":[0,0],"11":[0,0]},"f":{"1":1,"2":1,"3":0,"4":0,"5":0,"6":0,"7":0,"8":0,"9":0,"10":0,"11":0,"12":0,"13":0,"14":0,"15":0},"fnMap":{"1":{"name":"(anonymous_1)","line":10,"loc":{"start":{"line":10,"column":16},"end":{"line":10,"column":42}}},"2":{"name":"(anonymous_2)","line":14,"loc":{"start":{"line":14,"column":10},"end":{"line":14,"column":27}}},"3":{"name":"(anonymous_3)","line":23,"loc":{"start":{"line":23,"column":35},"end":{"line":23,"column":61}}},"4":{"name":"(anonymous_4)","line":48,"loc":{"start":{"line":48,"column":10},"end":{"line":48,"column":28}}},"5":{"name":"(anonymous_5)","line":59,"loc":{"start":{"line":59,"column":34},"end":{"line":59,"column":60}}},"6":{"name":"(anonymous_6)","line":64,"loc":{"start":{"line":64,"column":23},"end":{"line":64,"column":49}}},"7":{"name":"(anonymous_7)","line":72,"loc":{"start":{"line":72,"column":10},"end":{"line":72,"column":28}}},"8":{"name":"(anonymous_8)","line":88,"loc":{"start":{"line":88,"column":40},"end":{"line":88,"column":66}}},"9":{"name":"(anonymous_9)","line":93,"loc":{"start":{"line":93,"column":10},"end":{"line":93,"column":26}}},"10":{"name":"(anonymous_10)","line":108,"loc":{"start":{"line":108,"column":41},"end":{"line":108,"column":67}}},"11":{"name":"(anonymous_11)","line":128,"loc":{"start":{"line":128,"column":10},"end":{"line":128,"column":26}}},"12":{"name":"(anonymous_12)","line":136,"loc":{"start":{"line":136,"column":14},"end":{"line":136,"column":26}}},"13":{"name":"(anonymous_13)","line":146,"loc":{"start":{"line":146,"column":42},"end":{"line":146,"column":68}}},"14":{"name":"(anonymous_14)","line":151,"loc":{"start":{"line":151,"column":10},"end":{"line":151,"column":26}}},"15":{"name":"(anonymous_15)","line":159,"loc":{"start":{"line":159,"column":14},"end":{"line":159,"column":26}}}},"statementMap":{"1":{"start":{"line":1,"column":0},"end":{"line":1,"column":34}},"2":{"start":{"line":2,"column":0},"end":{"line":2,"column":31}},"3":{"start":{"line":4,"column":0},"end":{"line":4,"column":44}},"4":{"start":{"line":5,"column":0},"end":{"line":5,"column":50}},"5":{"start":{"line":6,"column":0},"end":{"line":6,"column":61}},"6":{"start":{"line":10,"column":0},"end":{"line":20,"column":2}},"7":{"start":{"line":11,"column":2},"end":{"line":11,"column":33}},"8":{"start":{"line":13,"column":2},"end":{"line":19,"column":16}},"9":{"start":{"line":15,"column":6},"end":{"line":17,"column":8}},"10":{"start":{"line":23,"column":0},"end":{"line":56,"column":2}},"11":{"start":{"line":24,"column":2},"end":{"line":24,"column":37}},"12":{"start":{"line":25,"column":2},"end":{"line":25,"column":32}},"13":{"start":{"line":26,"column":2},"end":{"line":26,"column":36}},"14":{"start":{"line":29,"column":2},"end":{"line":39,"column":3}},"15":{"start":{"line":30,"column":4},"end":{"line":32,"column":5}},"16":{"start":{"line":31,"column":6},"end":{"line":31,"column":30}},"17":{"start":{"line":33,"column":4},"end":{"line":35,"column":5}},"18":{"start":{"line":34,"column":6},"end":{"line":34,"column":30}},"19":{"start":{"line":37,"column":4},"end":{"line":37,"column":33}},"20":{"start":{"line":38,"column":4},"end":{"line":38,"column":31}},"21":{"start":{"line":41,"column":2},"end":{"line":45,"column":3}},"22":{"start":{"line":47,"column":2},"end":{"line":55,"column":16}},"23":{"start":{"line":50,"column":6},"end":{"line":50,"column":26}},"24":{"start":{"line":51,"column":6},"end":{"line":51,"column":34}},"25":{"start":{"line":53,"column":6},"end":{"line":53,"column":40}},"26":{"start":{"line":59,"column":0},"end":{"line":61,"column":2}},"27":{"start":{"line":60,"column":2},"end":{"line":60,"column":22}},"28":{"start":{"line":64,"column":0},"end":{"line":85,"column":2}},"29":{"start":{"line":65,"column":2},"end":{"line":65,"column":34}},"30":{"start":{"line":67,"column":2},"end":{"line":84,"column":16}},"31":{"start":{"line":73,"column":6},"end":{"line":73,"column":28}},"32":{"start":{"line":74,"column":6},"end":{"line":74,"column":32}},"33":{"start":{"line":75,"column":6},"end":{"line":77,"column":7}},"34":{"start":{"line":76,"column":8},"end":{"line":76,"column":33}},"35":{"start":{"line":79,"column":6},"end":{"line":82,"column":8}},"36":{"start":{"line":88,"column":0},"end":{"line":105,"column":2}},"37":{"start":{"line":89,"column":2},"end":{"line":89,"column":34}},"38":{"start":{"line":90,"column":2},"end":{"line":90,"column":37}},"39":{"start":{"line":92,"column":2},"end":{"line":104,"column":16}},"40":{"start":{"line":94,"column":6},"end":{"line":96,"column":7}},"41":{"start":{"line":95,"column":8},"end":{"line":95,"column":33}},"42":{"start":{"line":97,"column":6},"end":{"line":99,"column":7}},"43":{"start":{"line":98,"column":8},"end":{"line":98,"column":31}},"44":{"start":{"line":100,"column":6},"end":{"line":102,"column":8}},"45":{"start":{"line":108,"column":0},"end":{"line":143,"column":2}},"46":{"start":{"line":109,"column":2},"end":{"line":109,"column":34}},"47":{"start":{"line":110,"column":2},"end":{"line":110,"column":37}},"48":{"start":{"line":111,"column":2},"end":{"line":111,"column":32}},"49":{"start":{"line":112,"column":2},"end":{"line":112,"column":36}},"50":{"start":{"line":115,"column":2},"end":{"line":125,"column":3}},"51":{"start":{"line":116,"column":4},"end":{"line":118,"column":5}},"52":{"start":{"line":117,"column":6},"end":{"line":117,"column":30}},"53":{"start":{"line":119,"column":4},"end":{"line":121,"column":5}},"54":{"start":{"line":120,"column":6},"end":{"line":120,"column":30}},"55":{"start":{"line":123,"column":4},"end":{"line":123,"column":33}},"56":{"start":{"line":124,"column":4},"end":{"line":124,"column":31}},"57":{"start":{"line":127,"column":2},"end":{"line":142,"column":6}},"58":{"start":{"line":129,"column":6},"end":{"line":131,"column":7}},"59":{"start":{"line":130,"column":8},"end":{"line":130,"column":32}},"60":{"start":{"line":132,"column":6},"end":{"line":134,"column":7}},"61":{"start":{"line":133,"column":8},"end":{"line":133,"column":31}},"62":{"start":{"line":135,"column":6},"end":{"line":141,"column":20}},"63":{"start":{"line":137,"column":10},"end":{"line":137,"column":40}},"64":{"start":{"line":139,"column":10},"end":{"line":139,"column":42}},"65":{"start":{"line":146,"column":0},"end":{"line":166,"column":2}},"66":{"start":{"line":147,"column":2},"end":{"line":147,"column":34}},"67":{"start":{"line":148,"column":2},"end":{"line":148,"column":37}},"68":{"start":{"line":150,"column":2},"end":{"line":165,"column":6}},"69":{"start":{"line":152,"column":6},"end":{"line":154,"column":7}},"70":{"start":{"line":153,"column":8},"end":{"line":153,"column":32}},"71":{"start":{"line":155,"column":6},"end":{"line":157,"column":7}},"72":{"start":{"line":156,"column":8},"end":{"line":156,"column":31}},"73":{"start":{"line":158,"column":6},"end":{"line":164,"column":20}},"74":{"start":{"line":160,"column":10},"end":{"line":160,"column":40}},"75":{"start":{"line":162,"column":10},"end":{"line":162,"column":32}},"76":{"start":{"line":168,"column":0},"end":{"line":168,"column":23}}},"branchMap":{"1":{"line":30,"type":"if","locations":[{"start":{"line":30,"column":4},"end":{"line":30,"column":4}},{"start":{"line":30,"column":4},"end":{"line":30,"column":4}}]},"2":{"line":33,"type":"if","locations":[{"start":{"line":33,"column":4},"end":{"line":33,"column":4}},{"start":{"line":33,"column":4},"end":{"line":33,"column":4}}]},"3":{"line":75,"type":"if","locations":[{"start":{"line":75,"column":6},"end":{"line":75,"column":6}},{"start":{"line":75,"column":6},"end":{"line":75,"column":6}}]},"4":{"line":94,"type":"if","locations":[{"start":{"line":94,"column":6},"end":{"line":94,"column":6}},{"start":{"line":94,"column":6},"end":{"line":94,"column":6}}]},"5":{"line":97,"type":"if","locations":[{"start":{"line":97,"column":6},"end":{"line":97,"column":6}},{"start":{"line":97,"column":6},"end":{"line":97,"column":6}}]},"6":{"line":116,"type":"if","locations":[{"start":{"line":116,"column":4},"end":{"line":116,"column":4}},{"start":{"line":116,"column":4},"end":{"line":116,"column":4}}]},"7":{"line":119,"type":"if","locations":[{"start":{"line":119,"column":4},"end":{"line":119,"column":4}},{"start":{"line":119,"column":4},"end":{"line":119,"column":4}}]},"8":{"line":129,"type":"if","locations":[{"start":{"line":129,"column":6},"end":{"line":129,"column":6}},{"start":{"line":129,"column":6},"end":{"line":129,"column":6}}]},"9":{"line":132,"type":"if","locations":[{"start":{"line":132,"column":6},"end":{"line":132,"column":6}},{"start":{"line":132,"column":6},"end":{"line":132,"column":6}}]},"10":{"line":152,"type":"if","locations":[{"start":{"line":152,"column":6},"end":{"line":152,"column":6}},{"start":{"line":152,"column":6},"end":{"line":152,"column":6}}]},"11":{"line":155,"type":"if","locations":[{"start":{"line":155,"column":6},"end":{"line":155,"column":6}},{"start":{"line":155,"column":6},"end":{"line":155,"column":6}}]}}},"E:\\nodejs\\express-learn\\myBlog\\models\\posts.js":{"path":"E:\\nodejs\\express-learn\\myBlog\\models\\posts.js","s":{"1":1,"2":1,"3":1,"4":1,"5":1,"6":1,"7":1,"8":1,"9":0,"10":0,"11":0,"12":0,"13":0,"14":1,"15":1,"16":1,"17":1,"18":0,"19":0,"20":0,"21":1,"22":0,"23":0,"24":1,"25":1,"26":0,"27":1,"28":0,"29":0,"30":0,"31":0,"32":0,"33":0},"b":{"1":[0,0],"2":[0,0],"3":[0,1],"4":[0,0],"5":[0,0]},"f":{"1":1,"2":1,"3":1,"4":0,"5":0,"6":1,"7":1,"8":0,"9":0,"10":0,"11":1,"12":0,"13":0,"14":0,"15":0,"16":0},"fnMap":{"1":{"name":"(anonymous_1)","line":8,"loc":{"start":{"line":8,"column":13},"end":{"line":8,"column":30}}},"2":{"name":"(anonymous_2)","line":9,"loc":{"start":{"line":9,"column":33},"end":{"line":9,"column":49}}},"3":{"name":"(anonymous_3)","line":10,"loc":{"start":{"line":10,"column":58},"end":{"line":10,"column":83}}},"4":{"name":"(anonymous_4)","line":16,"loc":{"start":{"line":16,"column":16},"end":{"line":16,"column":32}}},"5":{"name":"(anonymous_5)","line":18,"loc":{"start":{"line":18,"column":58},"end":{"line":18,"column":75}}},"6":{"name":"(anonymous_6)","line":29,"loc":{"start":{"line":29,"column":13},"end":{"line":29,"column":30}}},"7":{"name":"(anonymous_7)","line":30,"loc":{"start":{"line":30,"column":21},"end":{"line":30,"column":37}}},"8":{"name":"(anonymous_8)","line":35,"loc":{"start":{"line":35,"column":16},"end":{"line":35,"column":32}}},"9":{"name":"create","line":45,"loc":{"start":{"line":45,"column":10},"end":{"line":45,"column":33}}},"10":{"name":"getPostById","line":50,"loc":{"start":{"line":50,"column":15},"end":{"line":50,"column":45}}},"11":{"name":"getPosts","line":61,"loc":{"start":{"line":61,"column":12},"end":{"line":61,"column":39}}},"12":{"name":"incPv","line":77,"loc":{"start":{"line":77,"column":9},"end":{"line":77,"column":33}}},"13":{"name":"getRawPostById","line":84,"loc":{"start":{"line":84,"column":18},"end":{"line":84,"column":51}}},"14":{"name":"updatePostById","line":92,"loc":{"start":{"line":92,"column":18},"end":{"line":92,"column":57}}},"15":{"name":"delPostById","line":97,"loc":{"start":{"line":97,"column":15},"end":{"line":97,"column":45}}},"16":{"name":"(anonymous_16)","line":100,"loc":{"start":{"line":100,"column":10},"end":{"line":100,"column":25}}}},"statementMap":{"1":{"start":{"line":1,"column":0},"end":{"line":1,"column":32}},"2":{"start":{"line":2,"column":0},"end":{"line":2,"column":41}},"3":{"start":{"line":4,"column":0},"end":{"line":4,"column":42}},"4":{"start":{"line":7,"column":0},"end":{"line":25,"column":2}},"5":{"start":{"line":9,"column":4},"end":{"line":14,"column":7}},"6":{"start":{"line":10,"column":6},"end":{"line":13,"column":8}},"7":{"start":{"line":11,"column":8},"end":{"line":11,"column":42}},"8":{"start":{"line":12,"column":8},"end":{"line":12,"column":19}},"9":{"start":{"line":17,"column":4},"end":{"line":22,"column":5}},"10":{"start":{"line":18,"column":6},"end":{"line":21,"column":8}},"11":{"start":{"line":19,"column":8},"end":{"line":19,"column":34}},"12":{"start":{"line":20,"column":8},"end":{"line":20,"column":19}},"13":{"start":{"line":23,"column":4},"end":{"line":23,"column":15}},"14":{"start":{"line":28,"column":0},"end":{"line":41,"column":2}},"15":{"start":{"line":30,"column":4},"end":{"line":33,"column":6}},"16":{"start":{"line":31,"column":6},"end":{"line":31,"column":41}},"17":{"start":{"line":32,"column":6},"end":{"line":32,"column":17}},"18":{"start":{"line":36,"column":4},"end":{"line":38,"column":5}},"19":{"start":{"line":37,"column":6},"end":{"line":37,"column":41}},"20":{"start":{"line":39,"column":4},"end":{"line":39,"column":15}},"21":{"start":{"line":43,"column":0},"end":{"line":107,"column":1}},"22":{"start":{"line":46,"column":4},"end":{"line":46,"column":35}},"23":{"start":{"line":51,"column":4},"end":{"line":57,"column":13}},"24":{"start":{"line":62,"column":4},"end":{"line":62,"column":20}},"25":{"start":{"line":63,"column":4},"end":{"line":65,"column":5}},"26":{"start":{"line":64,"column":6},"end":{"line":64,"column":27}},"27":{"start":{"line":66,"column":4},"end":{"line":73,"column":13}},"28":{"start":{"line":78,"column":4},"end":{"line":80,"column":13}},"29":{"start":{"line":85,"column":4},"end":{"line":88,"column":13}},"30":{"start":{"line":93,"column":4},"end":{"line":93,"column":62}},"31":{"start":{"line":98,"column":4},"end":{"line":105,"column":6}},"32":{"start":{"line":102,"column":6},"end":{"line":104,"column":7}},"33":{"start":{"line":103,"column":8},"end":{"line":103,"column":55}}},"branchMap":{"1":{"line":17,"type":"if","locations":[{"start":{"line":17,"column":4},"end":{"line":17,"column":4}},{"start":{"line":17,"column":4},"end":{"line":17,"column":4}}]},"2":{"line":36,"type":"if","locations":[{"start":{"line":36,"column":4},"end":{"line":36,"column":4}},{"start":{"line":36,"column":4},"end":{"line":36,"column":4}}]},"3":{"line":63,"type":"if","locations":[{"start":{"line":63,"column":4},"end":{"line":63,"column":4}},{"start":{"line":63,"column":4},"end":{"line":63,"column":4}}]},"4":{"line":102,"type":"if","locations":[{"start":{"line":102,"column":6},"end":{"line":102,"column":6}},{"start":{"line":102,"column":6},"end":{"line":102,"column":6}}]},"5":{"line":102,"type":"binary-expr","locations":[{"start":{"line":102,"column":10},"end":{"line":102,"column":23}},{"start":{"line":102,"column":27},"end":{"line":102,"column":43}}]}}},"E:\\nodejs\\express-learn\\myBlog\\models\\comments.js":{"path":"E:\\nodejs\\express-learn\\myBlog\\models\\comments.js","s":{"1":1,"2":1,"3":1,"4":0,"5":0,"6":0,"7":1,"8":0,"9":0,"10":0,"11":0,"12":0,"13":1},"b":{},"f":{"1":0,"2":0,"3":0,"4":0,"5":0,"6":0,"7":0,"8":1},"fnMap":{"1":{"name":"(anonymous_1)","line":6,"loc":{"start":{"line":6,"column":13},"end":{"line":6,"column":33}}},"2":{"name":"(anonymous_2)","line":7,"loc":{"start":{"line":7,"column":24},"end":{"line":7,"column":43}}},"3":{"name":"create","line":16,"loc":{"start":{"line":16,"column":10},"end":{"line":16,"column":36}}},"4":{"name":"getCommentById","line":21,"loc":{"start":{"line":21,"column":18},"end":{"line":21,"column":54}}},"5":{"name":"delCommentById","line":26,"loc":{"start":{"line":26,"column":18},"end":{"line":26,"column":54}}},"6":{"name":"delCommentsByPostId","line":31,"loc":{"start":{"line":31,"column":23},"end":{"line":31,"column":61}}},"7":{"name":"getComments","line":36,"loc":{"start":{"line":36,"column":15},"end":{"line":36,"column":45}}},"8":{"name":"getCommentsCount","line":47,"loc":{"start":{"line":47,"column":20},"end":{"line":47,"column":55}}}},"statementMap":{"1":{"start":{"line":1,"column":0},"end":{"line":1,"column":32}},"2":{"start":{"line":2,"column":0},"end":{"line":2,"column":47}},"3":{"start":{"line":5,"column":0},"end":{"line":12,"column":2}},"4":{"start":{"line":7,"column":4},"end":{"line":10,"column":6}},"5":{"start":{"line":8,"column":6},"end":{"line":8,"column":47}},"6":{"start":{"line":9,"column":6},"end":{"line":9,"column":20}},"7":{"start":{"line":14,"column":0},"end":{"line":50,"column":1}},"8":{"start":{"line":17,"column":4},"end":{"line":17,"column":41}},"9":{"start":{"line":22,"column":4},"end":{"line":22,"column":53}},"10":{"start":{"line":27,"column":4},"end":{"line":27,"column":55}},"11":{"start":{"line":32,"column":4},"end":{"line":32,"column":56}},"12":{"start":{"line":37,"column":4},"end":{"line":43,"column":13}},"13":{"start":{"line":48,"column":4},"end":{"line":48,"column":51}}},"branchMap":{}},"E:\\nodejs\\express-learn\\myBlog\\routes\\comments.js":{"path":"E:\\nodejs\\express-learn\\myBlog\\routes\\comments.js","s":{"1":1,"2":1,"3":1,"4":1,"5":1,"6":0,"7":0,"8":0,"9":0,"10":0,"11":0,"12":0,"13":0,"14":0,"15":0,"16":0,"17":0,"18":1,"19":0,"20":0,"21":0,"22":0,"23":0,"24":0,"25":0,"26":0,"27":0,"28":0,"29":1},"b":{"1":[0,0],"2":[0,0],"3":[0,0]},"f":{"1":0,"2":0,"3":0,"4":0,"5":0},"fnMap":{"1":{"name":"(anonymous_1)","line":8,"loc":{"start":{"line":8,"column":29},"end":{"line":8,"column":55}}},"2":{"name":"(anonymous_2)","line":30,"loc":{"start":{"line":30,"column":10},"end":{"line":30,"column":22}}},"3":{"name":"(anonymous_3)","line":39,"loc":{"start":{"line":39,"column":45},"end":{"line":39,"column":71}}},"4":{"name":"(anonymous_4)","line":44,"loc":{"start":{"line":44,"column":10},"end":{"line":44,"column":29}}},"5":{"name":"(anonymous_5)","line":52,"loc":{"start":{"line":52,"column":14},"end":{"line":52,"column":26}}}},"statementMap":{"1":{"start":{"line":1,"column":0},"end":{"line":1,"column":34}},"2":{"start":{"line":2,"column":0},"end":{"line":2,"column":31}},"3":{"start":{"line":4,"column":0},"end":{"line":4,"column":61}},"4":{"start":{"line":5,"column":0},"end":{"line":5,"column":50}},"5":{"start":{"line":8,"column":0},"end":{"line":36,"column":2}},"6":{"start":{"line":9,"column":2},"end":{"line":9,"column":37}},"7":{"start":{"line":10,"column":2},"end":{"line":10,"column":34}},"8":{"start":{"line":11,"column":2},"end":{"line":11,"column":36}},"9":{"start":{"line":14,"column":2},"end":{"line":21,"column":3}},"10":{"start":{"line":15,"column":4},"end":{"line":17,"column":5}},"11":{"start":{"line":16,"column":6},"end":{"line":16,"column":32}},"12":{"start":{"line":19,"column":4},"end":{"line":19,"column":33}},"13":{"start":{"line":20,"column":4},"end":{"line":20,"column":31}},"14":{"start":{"line":23,"column":2},"end":{"line":27,"column":3}},"15":{"start":{"line":29,"column":2},"end":{"line":35,"column":16}},"16":{"start":{"line":31,"column":6},"end":{"line":31,"column":34}},"17":{"start":{"line":33,"column":6},"end":{"line":33,"column":26}},"18":{"start":{"line":39,"column":0},"end":{"line":59,"column":2}},"19":{"start":{"line":40,"column":2},"end":{"line":40,"column":40}},"20":{"start":{"line":41,"column":2},"end":{"line":41,"column":37}},"21":{"start":{"line":43,"column":2},"end":{"line":58,"column":6}},"22":{"start":{"line":45,"column":6},"end":{"line":47,"column":7}},"23":{"start":{"line":46,"column":8},"end":{"line":46,"column":32}},"24":{"start":{"line":48,"column":6},"end":{"line":50,"column":7}},"25":{"start":{"line":49,"column":8},"end":{"line":49,"column":35}},"26":{"start":{"line":51,"column":6},"end":{"line":57,"column":20}},"27":{"start":{"line":53,"column":10},"end":{"line":53,"column":40}},"28":{"start":{"line":55,"column":10},"end":{"line":55,"column":30}},"29":{"start":{"line":61,"column":0},"end":{"line":61,"column":23}}},"branchMap":{"1":{"line":15,"type":"if","locations":[{"start":{"line":15,"column":4},"end":{"line":15,"column":4}},{"start":{"line":15,"column":4},"end":{"line":15,"column":4}}]},"2":{"line":45,"type":"if","locations":[{"start":{"line":45,"column":6},"end":{"line":45,"column":6}},{"start":{"line":45,"column":6},"end":{"line":45,"column":6}}]},"3":{"line":48,"type":"if","locations":[{"start":{"line":48,"column":6},"end":{"line":48,"column":6}},{"start":{"line":48,"column":6},"end":{"line":48,"column":6}}]}}}}